Performing C SOURCE FILE Test CMAKE_HAVE_LIBC_PTHREAD failed with the following output:
Change Dir: /home/mathias/Epitech/Teck2/B-YEP-400-TLS-4-1-indiestudio-guillaume.mailhol/cmake-build-default/CMakeFiles/CMakeTmp

Run Build Command(s):/usr/bin/gmake cmTC_fd57a/fast && /usr/bin/gmake  -f CMakeFiles/cmTC_fd57a.dir/build.make CMakeFiles/cmTC_fd57a.dir/build
gmake[1]: Entering directory '/home/mathias/Epitech/Teck2/B-YEP-400-TLS-4-1-indiestudio-guillaume.mailhol/cmake-build-default/CMakeFiles/CMakeTmp'
Building C object CMakeFiles/cmTC_fd57a.dir/src.c.o
/usr/lib64/ccache/cc -DCMAKE_HAVE_LIBC_PTHREAD   -o CMakeFiles/cmTC_fd57a.dir/src.c.o -c /home/mathias/Epitech/Teck2/B-YEP-400-TLS-4-1-indiestudio-guillaume.mailhol/cmake-build-default/CMakeFiles/CMakeTmp/src.c
Linking C executable cmTC_fd57a
/home/mathias/App/clion-2020.3.1/bin/cmake/linux/bin/cmake -E cmake_link_script CMakeFiles/cmTC_fd57a.dir/link.txt --verbose=1
/usr/lib64/ccache/cc -rdynamic CMakeFiles/cmTC_fd57a.dir/src.c.o -o cmTC_fd57a 
/usr/bin/ld: CMakeFiles/cmTC_fd57a.dir/src.c.o: in function `main':
src.c:(.text+0x2d): undefined reference to `pthread_create'
/usr/bin/ld: src.c:(.text+0x39): undefined reference to `pthread_detach'
/usr/bin/ld: src.c:(.text+0x45): undefined reference to `pthread_cancel'
/usr/bin/ld: src.c:(.text+0x56): undefined reference to `pthread_join'
collect2: error: ld returned 1 exit status
gmake[1]: *** [CMakeFiles/cmTC_fd57a.dir/build.make:106: cmTC_fd57a] Error 1
gmake[1]: Leaving directory '/home/mathias/Epitech/Teck2/B-YEP-400-TLS-4-1-indiestudio-guillaume.mailhol/cmake-build-default/CMakeFiles/CMakeTmp'
gmake: *** [Makefile:140: cmTC_fd57a/fast] Error 2


Source file was:
#include <pthread.h>

static void* test_func(void* data)
{
  return data;
}

int main(void)
{
  pthread_t thread;
  pthread_create(&thread, NULL, test_func, NULL);
  pthread_detach(thread);
  pthread_cancel(thread);
  pthread_join(thread, NULL);
  pthread_atfork(NULL, NULL, NULL);
  pthread_exit(NULL);

  return 0;
}

Determining if the function pthread_create exists in the pthreads failed with the following output:
Change Dir: /home/mathias/Epitech/Teck2/B-YEP-400-TLS-4-1-indiestudio-guillaume.mailhol/cmake-build-default/CMakeFiles/CMakeTmp

Run Build Command(s):/usr/bin/gmake cmTC_3da35/fast && /usr/bin/gmake  -f CMakeFiles/cmTC_3da35.dir/build.make CMakeFiles/cmTC_3da35.dir/build
gmake[1]: Entering directory '/home/mathias/Epitech/Teck2/B-YEP-400-TLS-4-1-indiestudio-guillaume.mailhol/cmake-build-default/CMakeFiles/CMakeTmp'
Building C object CMakeFiles/cmTC_3da35.dir/CheckFunctionExists.c.o
/usr/lib64/ccache/cc   -DCHECK_FUNCTION_EXISTS=pthread_create -o CMakeFiles/cmTC_3da35.dir/CheckFunctionExists.c.o -c /home/mathias/App/clion-2020.3.1/bin/cmake/linux/share/cmake-3.19/Modules/CheckFunctionExists.c
Linking C executable cmTC_3da35
/home/mathias/App/clion-2020.3.1/bin/cmake/linux/bin/cmake -E cmake_link_script CMakeFiles/cmTC_3da35.dir/link.txt --verbose=1
/usr/lib64/ccache/cc  -DCHECK_FUNCTION_EXISTS=pthread_create -rdynamic CMakeFiles/cmTC_3da35.dir/CheckFunctionExists.c.o -o cmTC_3da35  -lpthreads 
/usr/bin/ld: cannot find -lpthreads
collect2: error: ld returned 1 exit status
gmake[1]: *** [CMakeFiles/cmTC_3da35.dir/build.make:106: cmTC_3da35] Error 1
gmake[1]: Leaving directory '/home/mathias/Epitech/Teck2/B-YEP-400-TLS-4-1-indiestudio-guillaume.mailhol/cmake-build-default/CMakeFiles/CMakeTmp'
gmake: *** [Makefile:140: cmTC_3da35/fast] Error 2



